[INFO  - 2016-11-23T02:37:24.531Z] GhostDriver - Main - running on port 47226
[INFO  - 2016-11-23T02:37:25.403Z] Session [c4bce980-b125-11e6-8a23-8d4273fad96a] - page.settings - {"XSSAuditingEnabled":false,"javascriptCanCloseWindows":true,"javascriptCanOpenWindows":true,"javascriptEnabled":true,"loadImages":true,"localToRemoteUrlAccessEnabled":false,"userAgent":"Mozilla/5.0 (Unknown; Linux x86_64) AppleWebKit/538.1 (KHTML, like Gecko) PhantomJS/2.1.1 Safari/538.1","webSecurityEnabled":true}
[INFO  - 2016-11-23T02:37:25.403Z] Session [c4bce980-b125-11e6-8a23-8d4273fad96a] - page.customHeaders:  - {}
[INFO  - 2016-11-23T02:37:25.403Z] Session [c4bce980-b125-11e6-8a23-8d4273fad96a] - Session.negotiatedCapabilities - {"browserName":"phantomjs","version":"2.1.1","driverName":"ghostdriver","driverVersion":"1.2.0","platform":"linux-unknown-64bit","javascriptEnabled":true,"takesScreenshot":true,"handlesAlerts":false,"databaseEnabled":false,"locationContextEnabled":false,"applicationCacheEnabled":false,"browserConnectionEnabled":false,"cssSelectorsEnabled":true,"webStorageEnabled":false,"rotatable":false,"acceptSslCerts":false,"nativeEvents":true,"proxy":{"proxyType":"direct"}}
[INFO  - 2016-11-23T02:37:25.404Z] SessionManagerReqHand - _postNewSessionCommand - New Session Created: c4bce980-b125-11e6-8a23-8d4273fad96a
[ERROR - 2016-11-23T02:37:27.665Z] Session [c4bce980-b125-11e6-8a23-8d4273fad96a] - page.onError - msg: ReferenceError: Can't find variable: ytcfg

  phantomjs://platform/console++.js:263 in error
[ERROR - 2016-11-23T02:37:27.666Z] Session [c4bce980-b125-11e6-8a23-8d4273fad96a] - page.onError - stack:
  global code (https://www.youtube.com/embed/9F6w3T9QFCs:10)

  phantomjs://platform/console++.js:263 in error
[ERROR - 2016-11-23T02:37:27.684Z] Session [c4bce980-b125-11e6-8a23-8d4273fad96a] - page.onError - msg: ReferenceError: Can't find variable: ytcfg

  phantomjs://platform/console++.js:263 in error
[ERROR - 2016-11-23T02:37:27.684Z] Session [c4bce980-b125-11e6-8a23-8d4273fad96a] - page.onError - stack:
  global code (https://www.youtube.com/embed/HvP8d6Q9jFQ:10)

  phantomjs://platform/console++.js:263 in error
[ERROR - 2016-11-23T02:37:27.697Z] Session [c4bce980-b125-11e6-8a23-8d4273fad96a] - page.onError - msg: ReferenceError: Can't find variable: ytcfg

  phantomjs://platform/console++.js:263 in error
[ERROR - 2016-11-23T02:37:27.698Z] Session [c4bce980-b125-11e6-8a23-8d4273fad96a] - page.onError - stack:
  global code (https://www.youtube.com/embed/KnL2K8jVS7A:10)

  phantomjs://platform/console++.js:263 in error
[INFO  - 2016-11-23T02:42:24.530Z] SessionManagerReqHand - _cleanupWindowlessSessions - Asynchronous Sessions clean-up phase starting NOW
[ERROR - 2016-11-23T02:44:41.365Z] RouterReqHand - _handle.error - {"name":"Invalid Command Method","message":"{\"headers\":{\"Accept\":\"application/json\",\"Accept-Encoding\":\"identity\",\"Connection\":\"close\",\"Content-Type\":\"application/json;charset=UTF-8\",\"Host\":\"127.0.0.1:47226\",\"User-Agent\":\"Python-urllib/2.7\"},\"httpVersion\":\"1.1\",\"method\":\"GET\",\"url\":\"/property/r\",\"urlParsed\":{\"anchor\":\"\",\"query\":\"\",\"file\":\"r\",\"directory\":\"/property/\",\"path\":\"/property/r\",\"relative\":\"/property/r\",\"port\":\"\",\"host\":\"\",\"password\":\"\",\"user\":\"\",\"userInfo\":\"\",\"authority\":\"\",\"protocol\":\"\",\"source\":\"/property/r\",\"queryKey\":{},\"chunks\":[\"property\",\"r\"]},\"urlOriginal\":\"/session/c4bce980-b125-11e6-8a23-8d4273fad96a/element/:wdc:1479868647982/property/r\"}","line":123,"sourceURL":"phantomjs://code/webelement_request_handler.js","stack":"_handle@phantomjs://code/webelement_request_handler.js:123:66\n_reroute@phantomjs://code/request_handler.js:61:20\n_handle@phantomjs://code/session_request_handler.js:120:42\n_reroute@phantomjs://code/request_handler.js:61:20\n_handle@phantomjs://code/router_request_handler.js:78:46"}

  phantomjs://platform/console++.js:263 in error
[ERROR - 2016-11-23T02:44:44.772Z] RouterReqHand - _handle.error - {"name":"Invalid Command Method","message":"{\"headers\":{\"Accept\":\"application/json\",\"Accept-Encoding\":\"identity\",\"Connection\":\"close\",\"Content-Type\":\"application/json;charset=UTF-8\",\"Host\":\"127.0.0.1:47226\",\"User-Agent\":\"Python-urllib/2.7\"},\"httpVersion\":\"1.1\",\"method\":\"GET\",\"url\":\"/property/rel\",\"urlParsed\":{\"anchor\":\"\",\"query\":\"\",\"file\":\"rel\",\"directory\":\"/property/\",\"path\":\"/property/rel\",\"relative\":\"/property/rel\",\"port\":\"\",\"host\":\"\",\"password\":\"\",\"user\":\"\",\"userInfo\":\"\",\"authority\":\"\",\"protocol\":\"\",\"source\":\"/property/rel\",\"queryKey\":{},\"chunks\":[\"property\",\"rel\"]},\"urlOriginal\":\"/session/c4bce980-b125-11e6-8a23-8d4273fad96a/element/:wdc:1479868647982/property/rel\"}","line":123,"sourceURL":"phantomjs://code/webelement_request_handler.js","stack":"_handle@phantomjs://code/webelement_request_handler.js:123:66\n_reroute@phantomjs://code/request_handler.js:61:20\n_handle@phantomjs://code/session_request_handler.js:120:42\n_reroute@phantomjs://code/request_handler.js:61:20\n_handle@phantomjs://code/router_request_handler.js:78:46"}

  phantomjs://platform/console++.js:263 in error
[ERROR - 2016-11-23T02:45:08.548Z] RouterReqHand - _handle.error - {"name":"Invalid Command Method","message":"{\"headers\":{\"Accept\":\"application/json\",\"Accept-Encoding\":\"identity\",\"Connection\":\"close\",\"Content-Type\":\"application/json;charset=UTF-8\",\"Host\":\"127.0.0.1:47226\",\"User-Agent\":\"Python-urllib/2.7\"},\"httpVersion\":\"1.1\",\"method\":\"GET\",\"url\":\"/property/rel\",\"urlParsed\":{\"anchor\":\"\",\"query\":\"\",\"file\":\"rel\",\"directory\":\"/property/\",\"path\":\"/property/rel\",\"relative\":\"/property/rel\",\"port\":\"\",\"host\":\"\",\"password\":\"\",\"user\":\"\",\"userInfo\":\"\",\"authority\":\"\",\"protocol\":\"\",\"source\":\"/property/rel\",\"queryKey\":{},\"chunks\":[\"property\",\"rel\"]},\"urlOriginal\":\"/session/c4bce980-b125-11e6-8a23-8d4273fad96a/element/:wdc:1479868647982/property/rel\"}","line":123,"sourceURL":"phantomjs://code/webelement_request_handler.js","stack":"_handle@phantomjs://code/webelement_request_handler.js:123:66\n_reroute@phantomjs://code/request_handler.js:61:20\n_handle@phantomjs://code/session_request_handler.js:120:42\n_reroute@phantomjs://code/request_handler.js:61:20\n_handle@phantomjs://code/router_request_handler.js:78:46"}

  phantomjs://platform/console++.js:263 in error
[ERROR - 2016-11-23T02:45:12.596Z] RouterReqHand - _handle.error - {"name":"Invalid Command Method","message":"{\"headers\":{\"Accept\":\"application/json\",\"Accept-Encoding\":\"identity\",\"Connection\":\"close\",\"Content-Type\":\"application/json;charset=UTF-8\",\"Host\":\"127.0.0.1:47226\",\"User-Agent\":\"Python-urllib/2.7\"},\"httpVersion\":\"1.1\",\"method\":\"GET\",\"url\":\"/property/class\",\"urlParsed\":{\"anchor\":\"\",\"query\":\"\",\"file\":\"class\",\"directory\":\"/property/\",\"path\":\"/property/class\",\"relative\":\"/property/class\",\"port\":\"\",\"host\":\"\",\"password\":\"\",\"user\":\"\",\"userInfo\":\"\",\"authority\":\"\",\"protocol\":\"\",\"source\":\"/property/class\",\"queryKey\":{},\"chunks\":[\"property\",\"class\"]},\"urlOriginal\":\"/session/c4bce980-b125-11e6-8a23-8d4273fad96a/element/:wdc:1479868647982/property/class\"}","line":123,"sourceURL":"phantomjs://code/webelement_request_handler.js","stack":"_handle@phantomjs://code/webelement_request_handler.js:123:66\n_reroute@phantomjs://code/request_handler.js:61:20\n_handle@phantomjs://code/session_request_handler.js:120:42\n_reroute@phantomjs://code/request_handler.js:61:20\n_handle@phantomjs://code/router_request_handler.js:78:46"}

  phantomjs://platform/console++.js:263 in error
[ERROR - 2016-11-23T02:45:27.357Z] RouterReqHand - _handle.error - {"name":"Invalid Command Method","message":"{\"headers\":{\"Accept\":\"application/json\",\"Accept-Encoding\":\"identity\",\"Connection\":\"close\",\"Content-Type\":\"application/json;charset=UTF-8\",\"Host\":\"127.0.0.1:47226\",\"User-Agent\":\"Python-urllib/2.7\"},\"httpVersion\":\"1.1\",\"method\":\"GET\",\"url\":\"/property/a\",\"urlParsed\":{\"anchor\":\"\",\"query\":\"\",\"file\":\"a\",\"directory\":\"/property/\",\"path\":\"/property/a\",\"relative\":\"/property/a\",\"port\":\"\",\"host\":\"\",\"password\":\"\",\"user\":\"\",\"userInfo\":\"\",\"authority\":\"\",\"protocol\":\"\",\"source\":\"/property/a\",\"queryKey\":{},\"chunks\":[\"property\",\"a\"]},\"urlOriginal\":\"/session/c4bce980-b125-11e6-8a23-8d4273fad96a/element/:wdc:1479868647982/property/a\"}","line":123,"sourceURL":"phantomjs://code/webelement_request_handler.js","stack":"_handle@phantomjs://code/webelement_request_handler.js:123:66\n_reroute@phantomjs://code/request_handler.js:61:20\n_handle@phantomjs://code/session_request_handler.js:120:42\n_reroute@phantomjs://code/request_handler.js:61:20\n_handle@phantomjs://code/router_request_handler.js:78:46"}

  phantomjs://platform/console++.js:263 in error
[INFO  - 2016-11-23T02:47:24.530Z] SessionManagerReqHand - _cleanupWindowlessSessions - Asynchronous Sessions clean-up phase starting NOW
[INFO  - 2016-11-23T02:52:24.530Z] SessionManagerReqHand - _cleanupWindowlessSessions - Asynchronous Sessions clean-up phase starting NOW
[INFO  - 2016-11-23T02:57:24.530Z] SessionManagerReqHand - _cleanupWindowlessSessions - Asynchronous Sessions clean-up phase starting NOW

events.js:72
        throw er; // Unhandled 'error' event
              ^
Error: read EIO
    at errnoException (net.js:901:11)
    at TTY.onread (net.js:556:19)
